06:59:00.764 [main                     ] DEBUG Logger               - Configured Logger
06:59:00.790 [main                     ] DEBUG GameApplication      - Logging settings
Title: Untitled
Version: 0.0
Width: 800
Height: 600
Fullscreen: false
Intro: false
Profiling: false
Single step:false
App Mode: DEVELOPER
Menu Key: ESCAPE
Stage Style: DECORATED
Scene Factory: class com.connectfourgui.ConnectFourMainMenu$1

06:59:01.085 [JavaFX Application Thread] DEBUG FXGLApplication      - Initializing FXGL
06:59:01.090 [JavaFX Application Thread] INFO  Engine               - FXGL-17.1 (24.03.2022 17.34) on WINDOWS (J:17.0.3 FX:17.0.1)
06:59:01.090 [JavaFX Application Thread] DEBUG Engine               - JRE Vendor Name: Eclipse Adoptium
06:59:01.091 [JavaFX Application Thread] DEBUG Engine               - Running on OS: Windows 10 version 10.0
06:59:01.091 [JavaFX Application Thread] DEBUG Engine               - Architecture: amd64
06:59:01.091 [JavaFX Application Thread] INFO  Engine               - Source code and latest versions at: https://github.com/AlmasB/FXGL
06:59:01.091 [JavaFX Application Thread] INFO  Engine               -       Ask questions and discuss at: https://github.com/AlmasB/FXGL/discussions
06:59:01.091 [JavaFX Application Thread] INFO  Engine               -              Join the FXGL chat at: https://gitter.im/AlmasB/FXGL
06:59:01.173 [JavaFX Application Thread] DEBUG PrimaryStageWindow   - Creating a JavaFX scene
06:59:01.212 [JavaFX Application Thread] DEBUG PrimaryStageWindow   - Target settings size: 800.0 x 600.0
06:59:01.212 [JavaFX Application Thread] DEBUG PrimaryStageWindow   - Scaled scene size:    800.0 x 600.0
06:59:01.212 [JavaFX Application Thread] DEBUG PrimaryStageWindow   - Scaled ratio: (1.0, 1.0)
06:59:01.213 [JavaFX Application Thread] DEBUG PrimaryStageWindow   - Set initial scene to FXGLStartupScene
06:59:01.218 [JavaFX Application Thread] DEBUG PrimaryStageWindow   - Opening main window
06:59:01.298 [JavaFX Application Thread] DEBUG PrimaryStageWindow   - Window border size: (16.0, 39.0)
06:59:01.299 [JavaFX Application Thread] DEBUG PrimaryStageWindow   - Scaled size: 800.0 x 600.0
06:59:01.299 [JavaFX Application Thread] DEBUG PrimaryStageWindow   - Scaled ratio: (1.0, 1.0)
06:59:01.300 [JavaFX Application Thread] DEBUG PrimaryStageWindow   - Scene size: 800.0 x 600.0
06:59:01.300 [JavaFX Application Thread] DEBUG PrimaryStageWindow   - Stage size: 816.0 x 639.0
06:59:01.308 [FXGL Background Thread 1 ] DEBUG Engine               - Initializing environment variables
06:59:01.363 [FXGL Background Thread 1 ] DEBUG FXGLAssetLoaderServi - User app class for loading assets: class com.connectfourgui.ConnectFourMainMenu
06:59:01.363 [FXGL Background Thread 1 ] DEBUG GameApplicationServi - Applying CSS: fxgl_dark.css
06:59:01.364 [FXGL Background Thread 1 ] DEBUG FXGLAssetLoaderServi - Loading from file system: jar:file:///C:/Users/telemachus/.gradle/caches/modules-2/files-2.1/com.github.almasb/fxgl/17.1/2a9509aedf54954c9b13849c18c6f495a81c542d/fxgl-17.1.jar!/fxglassets/ui/css/fxgl_dark.css
06:59:01.421 [FXGL Background Thread 1 ] DEBUG GameApplicationServi - Initializing application scenes
06:59:01.475 [FXGL Background Thread 1 ] DEBUG GameWorld            - Game world initialized
06:59:01.565 [FXGL Background Thread 1 ] DEBUG PhysicsWorld         - Physics world initialized: appHeight=600, physics.ppm=50.0
06:59:01.565 [FXGL Background Thread 1 ] DEBUG PhysicsWorld         - Using strategy: BRUTE_FORCE
06:59:01.571 [FXGL Background Thread 1 ] DEBUG GameScene            - Game scene initialized: 800x600
06:59:01.607 [FXGL Background Thread 1 ] DEBUG GameApplicationServi - Application scenes initialized
06:59:01.640 [FXGL Background Thread 1 ] DEBUG SystemBundleService  - Loading FXGL system data
06:59:01.648 [FXGL Background Thread 1 ] DEBUG FileSystemAccess     - Reading from: D:\Computer-Science\ConnectFourGUI\system\fxgl.bundle
06:59:01.663 [FXGL Background Thread 1 ] DEBUG SystemBundleService  - Bundle FXGL: {}
06:59:01.663 [FXGL Background Thread 1 ] DEBUG UpdaterService       - Checking for updates
06:59:01.674 [FXGL Background Thread 1 ] DEBUG FXGLApplication      - Loading default localization
06:59:01.675 [FXGL Background Thread 4 ] DEBUG FXGLApplication      - Loading fonts
06:59:01.675 [FXGL Background Thread 1 ] DEBUG FXGLAssetLoaderServi - Loading from file system: jar:file:///C:/Users/telemachus/.gradle/caches/modules-2/files-2.1/com.github.almasb/fxgl/17.1/2a9509aedf54954c9b13849c18c6f495a81c542d/fxgl-17.1.jar!/fxglassets/languages/english.lang
06:59:01.675 [FXGL Background Thread 4 ] DEBUG FXGLAssetLoaderServi - Loading from file system: jar:file:///C:/Users/telemachus/.gradle/caches/modules-2/files-2.1/com.github.almasb/fxgl/17.1/2a9509aedf54954c9b13849c18c6f495a81c542d/fxgl-17.1.jar!/fxglassets/ui/fonts/VarelaRound-Regular.ttf
06:59:01.702 [FXGL Background Thread 1 ] INFO  FXGLApplication      - FXGL initialization took: 0.394 sec
06:59:01.703 [JavaFX Application Thread] DEBUG FXGLAssetLoaderServi - Loading from file system: jar:file:///C:/Users/telemachus/.gradle/caches/modules-2/files-2.1/com.github.almasb/fxgl/17.1/2a9509aedf54954c9b13849c18c6f495a81c542d/fxgl-17.1.jar!/fxglassets/textures/fxgl_icon.png
06:59:01.776 [JavaFX Application Thread] DEBUG FXGLAssetLoaderServi - Loading from file system: jar:file:///C:/Users/telemachus/.gradle/caches/modules-2/files-2.1/com.github.almasb/fxgl/17.1/2a9509aedf54954c9b13849c18c6f495a81c542d/fxgl-17.1.jar!/fxglassets/textures/fxgl_default_cursor.png
06:59:01.797 [JavaFX Application Thread] DEBUG Input                - Registered new binding: Screenshot - CTRL+8
06:59:01.798 [JavaFX Application Thread] DEBUG Input                - Registered new binding: System info dump - CTRL+9
06:59:01.799 [JavaFX Application Thread] DEBUG Input                - Registered new binding: Restart - CTRL+R
06:59:01.800 [JavaFX Application Thread] DEBUG Input                - Registered new binding: Toggle Debug Camera - CTRL+7
06:59:01.803 [JavaFX Application Thread] DEBUG LoopRunner           - Starting loop
06:59:01.803 [JavaFX Application Thread] DEBUG LoopRunner           - Initializing JavaFX AnimationTimerLoop
06:59:01.805 [JavaFX Application Thread] DEBUG GameApplicationServi - Starting new game
06:59:01.806 [JavaFX Application Thread] DEBUG Input                - Clearing active input actions
06:59:01.822 [JavaFX Application Thread] DEBUG GameApplicationServi - Removing overlay from FXGLStartupScene and adding to FXGLLoadingScene
06:59:01.823 [JavaFX Application Thread] DEBUG PrimaryStageWindow   - FXGLStartupScene -> FXGLLoadingScene
06:59:01.824 [JavaFX Application Thread] DEBUG GameApplicationServi - Clearing previous game
06:59:01.824 [JavaFX Application Thread] DEBUG GameScene            - Clearing game scene
06:59:01.824 [JavaFX Application Thread] DEBUG GameWorld            - Clearing game world
06:59:01.824 [JavaFX Application Thread] DEBUG PhysicsWorld         - Clearing physics world
06:59:01.827 [FXGL Background Thread 1 ] DEBUG FXGLApplication      - Initializing game
06:59:01.829 [FXGL Background Thread 1 ] INFO  FXGLApplication      - Game initialization took: 0.001 sec
06:59:01.911 [JavaFX Application Thread] DEBUG Input                - Clearing active input actions
06:59:01.922 [JavaFX Application Thread] DEBUG GameApplicationServi - Removing overlay from FXGLLoadingScene and adding to GameScene
06:59:01.922 [JavaFX Application Thread] DEBUG PrimaryStageWindow   - FXGLLoadingScene -> GameScene
06:59:01.974 [FXGL Background Thread 4 ] DEBUG FXGLAssetLoaderServi - Loading from file system: jar:file:///C:/Users/telemachus/.gradle/caches/modules-2/files-2.1/com.github.almasb/fxgl/17.1/2a9509aedf54954c9b13849c18c6f495a81c542d/fxgl-17.1.jar!/fxglassets/ui/fonts/Abel-Regular.ttf
06:59:01.983 [FXGL Background Thread 4 ] DEBUG FXGLAssetLoaderServi - Loading from file system: jar:file:///C:/Users/telemachus/.gradle/caches/modules-2/files-2.1/com.github.almasb/fxgl/17.1/2a9509aedf54954c9b13849c18c6f495a81c542d/fxgl-17.1.jar!/fxglassets/ui/fonts/TerminalLandMono-Regular.otf
06:59:01.991 [FXGL Background Thread 4 ] DEBUG FXGLAssetLoaderServi - Loading from file system: jar:file:///C:/Users/telemachus/.gradle/caches/modules-2/files-2.1/com.github.almasb/fxgl/17.1/2a9509aedf54954c9b13849c18c6f495a81c542d/fxgl-17.1.jar!/fxglassets/ui/fonts/Courier-Prime.ttf
06:59:02.035 [JavaFX Application Thread] DEBUG FXGLApplication      - Registering font factories with UI factory
06:59:03.611 [JavaFX Application Thread] DEBUG FXGLApplication      - Exiting FXGL
06:59:03.611 [JavaFX Application Thread] DEBUG LoopRunner           - Stopping loop
06:59:03.611 [JavaFX Application Thread] DEBUG SystemBundleService  - Saving FXGL system data
06:59:03.614 [JavaFX Application Thread] DEBUG FileSystemAccess     - Writing to: D:\Computer-Science\ConnectFourGUI\system\fxgl.bundle
06:59:03.617 [JavaFX Application Thread] DEBUG Async                - Shutting down background threads
06:59:03.617 [JavaFX Application Thread] DEBUG PrimaryStageWindow   - Closing main window
06:59:03.640 [JavaFX Application Thread] DEBUG Logger               - Closing Logger
