17:47:36.356 [main                     ] DEBUG Logger               - Configured Logger
17:47:36.414 [main                     ] DEBUG GameApplication      - Logging settings
Title: Connect 4
Version: 0.0.1
Width: 875
Height: 875
Fullscreen: false
Intro: false
Profiling: false
Single step:false
App Mode: DEVELOPER
Menu Key: ESCAPE
Stage Style: DECORATED
Scene Factory: class com.connectfourgui.ConnectFourGUI$1

17:47:37.127 [JavaFX Application Thread] DEBUG FXGLApplication      - Initializing FXGL
17:47:37.143 [JavaFX Application Thread] INFO  Engine               - FXGL-17.1 (24.03.2022 17.34) on WINDOWS (J:17.0.3 FX:17.0.1)
17:47:37.145 [JavaFX Application Thread] DEBUG Engine               - JRE Vendor Name: Eclipse Adoptium
17:47:37.148 [JavaFX Application Thread] DEBUG Engine               - Running on OS: Windows 10 version 10.0
17:47:37.148 [JavaFX Application Thread] DEBUG Engine               - Architecture: amd64
17:47:37.149 [JavaFX Application Thread] INFO  Engine               - Source code and latest versions at: https://github.com/AlmasB/FXGL
17:47:37.149 [JavaFX Application Thread] INFO  Engine               -       Ask questions and discuss at: https://github.com/AlmasB/FXGL/discussions
17:47:37.149 [JavaFX Application Thread] INFO  Engine               -              Join the FXGL chat at: https://gitter.im/AlmasB/FXGL
17:47:37.402 [JavaFX Application Thread] DEBUG PrimaryStageWindow   - Creating a JavaFX scene
17:47:37.506 [JavaFX Application Thread] DEBUG PrimaryStageWindow   - Target settings size: 875.0 x 875.0
17:47:37.507 [JavaFX Application Thread] DEBUG PrimaryStageWindow   - Scaled scene size:    875.0 x 875.0
17:47:37.508 [JavaFX Application Thread] DEBUG PrimaryStageWindow   - Scaled ratio: (1.0, 1.0)
17:47:37.511 [JavaFX Application Thread] DEBUG PrimaryStageWindow   - Set initial scene to FXGLStartupScene
17:47:37.524 [JavaFX Application Thread] DEBUG PrimaryStageWindow   - Opening main window
17:47:37.699 [JavaFX Application Thread] DEBUG PrimaryStageWindow   - Window border size: (16.0, 39.0)
17:47:37.700 [JavaFX Application Thread] DEBUG PrimaryStageWindow   - Scaled size: 875.0 x 875.0
17:47:37.701 [JavaFX Application Thread] DEBUG PrimaryStageWindow   - Scaled ratio: (1.0, 1.0)
17:47:37.702 [JavaFX Application Thread] DEBUG PrimaryStageWindow   - Scene size: 875.0 x 875.0
17:47:37.703 [JavaFX Application Thread] DEBUG PrimaryStageWindow   - Stage size: 891.0 x 914.0
17:47:37.727 [FXGL Background Thread 1 ] DEBUG Engine               - Initializing environment variables
17:47:37.836 [FXGL Background Thread 1 ] DEBUG FXGLAssetLoaderServi - User app class for loading assets: class com.connectfourgui.ConnectFourGUI
17:47:37.837 [FXGL Background Thread 1 ] DEBUG GameApplicationServi - Applying CSS: fxgl_dark.css
17:47:37.860 [FXGL Background Thread 1 ] DEBUG FXGLAssetLoaderServi - Loading from file system: jar:file:///C:/Users/telemachus/.gradle/caches/modules-2/files-2.1/com.github.almasb/fxgl/17.1/2a9509aedf54954c9b13849c18c6f495a81c542d/fxgl-17.1.jar!/fxglassets/ui/css/fxgl_dark.css
17:47:38.076 [FXGL Background Thread 1 ] DEBUG GameApplicationServi - Initializing application scenes
17:47:38.222 [FXGL Background Thread 1 ] DEBUG GameWorld            - Game world initialized
17:47:38.434 [FXGL Background Thread 1 ] DEBUG PhysicsWorld         - Physics world initialized: appHeight=875, physics.ppm=50.0
17:47:38.437 [FXGL Background Thread 1 ] DEBUG PhysicsWorld         - Using strategy: BRUTE_FORCE
17:47:38.455 [FXGL Background Thread 1 ] DEBUG GameScene            - Game scene initialized: 875x875
17:47:38.517 [FXGL Background Thread 1 ] DEBUG FXGL.DefaultMenu     - createMenuBodyGameMenu()
17:47:38.542 [FXGL Background Thread 1 ] DEBUG FXGL.DefaultMenu     - createOptionsMenu()
17:47:38.568 [FXGL Background Thread 1 ] DEBUG FXGLAssetLoaderServi - Loading from file system: jar:file:///C:/Users/telemachus/.gradle/caches/modules-2/files-2.1/com.github.almasb/fxgl/17.1/2a9509aedf54954c9b13849c18c6f495a81c542d/fxgl-17.1.jar!/fxglassets/textures/particles/smoke.png
17:47:38.877 [FXGL Background Thread 1 ] DEBUG FXGLAssetLoaderServi - Loading from file system: jar:file:///C:/Users/telemachus/.gradle/caches/modules-2/files-2.1/com.github.almasb/fxgl/17.1/2a9509aedf54954c9b13849c18c6f495a81c542d/fxgl-17.1.jar!/fxglassets/textures/particles/trace_horizontal.png
17:47:38.976 [FXGL Background Thread 1 ] DEBUG GameApplicationServi - Application scenes initialized
17:47:39.016 [FXGL Background Thread 1 ] DEBUG SystemBundleService  - Loading FXGL system data
17:47:39.068 [FXGL Background Thread 1 ] DEBUG FileSystemAccess     - Reading from: D:\Computer-Science\02-24-00109-Introduction-to-AI\Assignment2\ConnectFourGUI\system\fxgl.bundle
17:47:39.082 [FXGL Background Thread 1 ] DEBUG SystemBundleService  - Bundle FXGL: {}
17:47:39.083 [FXGL Background Thread 1 ] DEBUG UpdaterService       - Checking for updates
17:47:39.110 [FXGL Background Thread 1 ] DEBUG FXGLApplication      - Loading default localization
17:47:39.112 [FXGL Background Thread 1 ] DEBUG FXGLAssetLoaderServi - Loading from file system: jar:file:///C:/Users/telemachus/.gradle/caches/modules-2/files-2.1/com.github.almasb/fxgl/17.1/2a9509aedf54954c9b13849c18c6f495a81c542d/fxgl-17.1.jar!/fxglassets/languages/english.lang
17:47:39.120 [FXGL Background Thread 4 ] DEBUG FXGLApplication      - Loading fonts
17:47:39.121 [FXGL Background Thread 4 ] DEBUG FXGLAssetLoaderServi - Loading from file system: jar:file:///C:/Users/telemachus/.gradle/caches/modules-2/files-2.1/com.github.almasb/fxgl/17.1/2a9509aedf54954c9b13849c18c6f495a81c542d/fxgl-17.1.jar!/fxglassets/ui/fonts/VarelaRound-Regular.ttf
17:47:39.154 [FXGL Background Thread 1 ] INFO  FXGLApplication      - FXGL initialization took: 1.426 sec
17:47:39.179 [JavaFX Application Thread] DEBUG Input                - Registered new binding: Move Left - A
17:47:39.179 [JavaFX Application Thread] DEBUG Input                - Registered new binding: Move Right - D
17:47:39.180 [JavaFX Application Thread] DEBUG Input                - Registered new binding: Place Piece - S
17:47:39.182 [JavaFX Application Thread] DEBUG Input                - Registered new binding: Place Piece using Mouse - LMB
17:47:39.183 [JavaFX Application Thread] DEBUG FXGLAssetLoaderServi - Loading from file system: jar:file:///C:/Users/telemachus/.gradle/caches/modules-2/files-2.1/com.github.almasb/fxgl/17.1/2a9509aedf54954c9b13849c18c6f495a81c542d/fxgl-17.1.jar!/fxglassets/textures/fxgl_icon.png
17:47:39.239 [JavaFX Application Thread] DEBUG FXGLAssetLoaderServi - Loading from file system: jar:file:///C:/Users/telemachus/.gradle/caches/modules-2/files-2.1/com.github.almasb/fxgl/17.1/2a9509aedf54954c9b13849c18c6f495a81c542d/fxgl-17.1.jar!/fxglassets/textures/fxgl_default_cursor.png
17:47:39.247 [JavaFX Application Thread] DEBUG Input                - Registered new binding: Screenshot - CTRL+8
17:47:39.248 [JavaFX Application Thread] DEBUG Input                - Registered new binding: System info dump - CTRL+9
17:47:39.251 [JavaFX Application Thread] DEBUG Input                - Registered new binding: Restart - CTRL+R
17:47:39.252 [JavaFX Application Thread] DEBUG Input                - Registered new binding: Toggle Debug Camera - CTRL+7
17:47:39.258 [JavaFX Application Thread] DEBUG LoopRunner           - Starting loop
17:47:39.258 [JavaFX Application Thread] DEBUG LoopRunner           - Initializing JavaFX AnimationTimerLoop
17:47:39.264 [JavaFX Application Thread] DEBUG Input                - Clearing active input actions
17:47:39.287 [JavaFX Application Thread] DEBUG GameApplicationServi - Removing overlay from FXGLStartupScene and adding to FXGLMainMenuDummyScene
17:47:39.289 [JavaFX Application Thread] DEBUG PrimaryStageWindow   - FXGLStartupScene -> FXGLMainMenuDummyScene
17:47:39.289 [JavaFX Application Thread] DEBUG PrimaryStageWindow   - Push state: MyMainMenu
17:47:39.290 [JavaFX Application Thread] DEBUG Input                - Clearing active input actions
17:47:39.304 [JavaFX Application Thread] DEBUG GameApplicationServi - Removing overlay from FXGLMainMenuDummyScene and adding to MyMainMenu
17:47:39.306 [JavaFX Application Thread] DEBUG PrimaryStageWindow   - FXGLMainMenuDummyScene -> MyMainMenu
17:47:39.418 [FXGL Background Thread 4 ] DEBUG FXGLAssetLoaderServi - Loading from file system: jar:file:///C:/Users/telemachus/.gradle/caches/modules-2/files-2.1/com.github.almasb/fxgl/17.1/2a9509aedf54954c9b13849c18c6f495a81c542d/fxgl-17.1.jar!/fxglassets/ui/fonts/Abel-Regular.ttf
17:47:39.428 [FXGL Background Thread 4 ] DEBUG FXGLAssetLoaderServi - Loading from file system: jar:file:///C:/Users/telemachus/.gradle/caches/modules-2/files-2.1/com.github.almasb/fxgl/17.1/2a9509aedf54954c9b13849c18c6f495a81c542d/fxgl-17.1.jar!/fxglassets/ui/fonts/TerminalLandMono-Regular.otf
17:47:39.441 [FXGL Background Thread 4 ] DEBUG FXGLAssetLoaderServi - Loading from file system: jar:file:///C:/Users/telemachus/.gradle/caches/modules-2/files-2.1/com.github.almasb/fxgl/17.1/2a9509aedf54954c9b13849c18c6f495a81c542d/fxgl-17.1.jar!/fxglassets/ui/fonts/Courier-Prime.ttf
17:47:39.709 [JavaFX Application Thread] DEBUG FXGLApplication      - Registering font factories with UI factory
17:47:42.094 [FXGL Background Thread 3 ] DEBUG Engine               - Logging environment variables
17:47:42.097 [FXGL Background Thread 3 ] DEBUG Engine               - achievements: []
17:47:42.098 [FXGL Background Thread 3 ] DEBUG Engine               - actualHeight: 875.0
17:47:42.098 [FXGL Background Thread 3 ] DEBUG Engine               - actualHeightProperty: ReadOnlyDoubleProperty [value: 875.0]
17:47:42.099 [FXGL Background Thread 3 ] DEBUG Engine               - actualWidth: 875.0
17:47:42.099 [FXGL Background Thread 3 ] DEBUG Engine               - actualWidthProperty: ReadOnlyDoubleProperty [value: 875.0]
17:47:42.099 [FXGL Background Thread 3 ] DEBUG Engine               - appIcon: fxgl_icon.png
17:47:42.099 [FXGL Background Thread 3 ] DEBUG Engine               - applicationMode: DEVELOPER
17:47:42.100 [FXGL Background Thread 3 ] DEBUG Engine               - cSSList: [fxgl_dark.css]
17:47:42.100 [FXGL Background Thread 3 ] DEBUG Engine               - collisionDetectionStrategy: BRUTE_FORCE
17:47:42.100 [FXGL Background Thread 3 ] DEBUG Engine               - configClass: Optional.empty
17:47:42.100 [FXGL Background Thread 3 ] DEBUG Engine               - credits: []
17:47:42.101 [FXGL Background Thread 3 ] DEBUG Engine               - defaultCursor: CursorInfo(imageName=fxgl_default_cursor.png, hotspotX=7.0, hotspotY=6.0)
17:47:42.102 [FXGL Background Thread 3 ] DEBUG Engine               - devBBoxColorProperty: ObjectProperty [value: 0xff0000ff]
17:47:42.102 [FXGL Background Thread 3 ] DEBUG Engine               - devEnableDebugCameraProperty: BooleanProperty [value: false]
17:47:42.103 [FXGL Background Thread 3 ] DEBUG Engine               - devSensorColorProperty: ObjectProperty [value: 0xffff00ff]
17:47:42.103 [FXGL Background Thread 3 ] DEBUG Engine               - devShowBBoxProperty: BooleanProperty [value: false]
17:47:42.103 [FXGL Background Thread 3 ] DEBUG Engine               - devShowPositionProperty: BooleanProperty [value: false]
17:47:42.103 [FXGL Background Thread 3 ] DEBUG Engine               - enabledMenuItems: []
17:47:42.104 [FXGL Background Thread 3 ] DEBUG Engine               - engineServices: [class com.almasb.fxgl.app.services.FXGLAssetLoaderService, class com.almasb.fxgl.app.FXGLApplication$GameApplicationService, class com.almasb.fxgl.app.services.FXGLDialogService, class com.almasb.fxgl.app.services.IOTaskExecutorService, class com.almasb.fxgl.io.FileSystemService, class com.almasb.fxgl.localization.LocalizationService, class com.almasb.fxgl.app.services.SystemBundleService, class com.almasb.fxgl.profile.SaveLoadService, class com.almasb.fxgl.ui.FXGLUIFactoryServiceProvider, class com.almasb.fxgl.ui.FXGLDialogFactoryServiceProvider, class com.almasb.fxgl.audio.AudioPlayer, class com.almasb.fxgl.notification.impl.NotificationServiceProvider, class com.almasb.fxgl.achievement.AchievementService, class com.almasb.fxgl.cutscene.CutsceneService, class com.almasb.fxgl.minigames.MiniGameService, class com.almasb.fxgl.net.NetService, class com.almasb.fxgl.app.services.UpdaterService, class com.almasb.fxgl.dev.DevService]
17:47:42.104 [FXGL Background Thread 3 ] DEBUG Engine               - fontGame: Abel-Regular.ttf
17:47:42.104 [FXGL Background Thread 3 ] DEBUG Engine               - fontMono: TerminalLandMono-Regular.otf
17:47:42.104 [FXGL Background Thread 3 ] DEBUG Engine               - fontText: Courier-Prime.ttf
17:47:42.105 [FXGL Background Thread 3 ] DEBUG Engine               - fontUI: VarelaRound-Regular.ttf
17:47:42.105 [FXGL Background Thread 3 ] DEBUG Engine               - fullScreen: BooleanProperty [value: false]
17:47:42.105 [FXGL Background Thread 3 ] DEBUG Engine               - gameDifficulty: MEDIUM
17:47:42.105 [FXGL Background Thread 3 ] DEBUG Engine               - gameDifficultyProperty: ObjectProperty [value: MEDIUM]
17:47:42.106 [FXGL Background Thread 3 ] DEBUG Engine               - globalMusicVolume: 0.5
17:47:42.106 [FXGL Background Thread 3 ] DEBUG Engine               - globalMusicVolumeProperty: DoubleProperty [value: 0.5]
17:47:42.106 [FXGL Background Thread 3 ] DEBUG Engine               - globalSoundVolume: 0.5
17:47:42.107 [FXGL Background Thread 3 ] DEBUG Engine               - globalSoundVolumeProperty: DoubleProperty [value: 0.5]
17:47:42.107 [FXGL Background Thread 3 ] DEBUG Engine               - height: 875
17:47:42.107 [FXGL Background Thread 3 ] DEBUG Engine               - is3D: false
17:47:42.107 [FXGL Background Thread 3 ] DEBUG Engine               - isAndroid: false
17:47:42.108 [FXGL Background Thread 3 ] DEBUG Engine               - isBrowser: false
17:47:42.108 [FXGL Background Thread 3 ] DEBUG Engine               - isClickFeedbackEnabled: false
17:47:42.108 [FXGL Background Thread 3 ] DEBUG Engine               - isCloseConfirmation: false
17:47:42.108 [FXGL Background Thread 3 ] DEBUG Engine               - isDesktop: true
17:47:42.109 [FXGL Background Thread 3 ] DEBUG Engine               - isDeveloperMenuEnabled: false
17:47:42.109 [FXGL Background Thread 3 ] DEBUG Engine               - isEmbedded: false
17:47:42.109 [FXGL Background Thread 3 ] DEBUG Engine               - isEntityPreloadEnabled: true
17:47:42.109 [FXGL Background Thread 3 ] DEBUG Engine               - isExperimentalTiledLargeMap: false
17:47:42.110 [FXGL Background Thread 3 ] DEBUG Engine               - isFileSystemWriteAllowed: true
17:47:42.110 [FXGL Background Thread 3 ] DEBUG Engine               - isFullScreenAllowed: false
17:47:42.111 [FXGL Background Thread 3 ] DEBUG Engine               - isFullScreenFromStart: false
17:47:42.111 [FXGL Background Thread 3 ] DEBUG Engine               - isGameMenuEnabled: true
17:47:42.111 [FXGL Background Thread 3 ] DEBUG Engine               - isIOS: false
17:47:42.112 [FXGL Background Thread 3 ] DEBUG Engine               - isIntroEnabled: false
17:47:42.113 [FXGL Background Thread 3 ] DEBUG Engine               - isLinux: false
17:47:42.113 [FXGL Background Thread 3 ] DEBUG Engine               - isMac: false
17:47:42.113 [FXGL Background Thread 3 ] DEBUG Engine               - isMainMenuEnabled: true
17:47:42.113 [FXGL Background Thread 3 ] DEBUG Engine               - isManualResizeEnabled: false
17:47:42.114 [FXGL Background Thread 3 ] DEBUG Engine               - isMobile: false
17:47:42.114 [FXGL Background Thread 3 ] DEBUG Engine               - isNative: false
17:47:42.114 [FXGL Background Thread 3 ] DEBUG Engine               - isPauseMusicWhenMinimized: true
17:47:42.114 [FXGL Background Thread 3 ] DEBUG Engine               - isPreserveResizeRatio: false
17:47:42.115 [FXGL Background Thread 3 ] DEBUG Engine               - isProfilingEnabled: false
17:47:42.115 [FXGL Background Thread 3 ] DEBUG Engine               - isScaleAffectedOnResize: true
17:47:42.116 [FXGL Background Thread 3 ] DEBUG Engine               - isSingleStep: false
17:47:42.116 [FXGL Background Thread 3 ] DEBUG Engine               - isUserProfileEnabled: false
17:47:42.116 [FXGL Background Thread 3 ] DEBUG Engine               - isWindows: true
17:47:42.117 [FXGL Background Thread 3 ] DEBUG Engine               - language: ObjectProperty [value: ENGLISH]
17:47:42.117 [FXGL Background Thread 3 ] DEBUG Engine               - menuKey: ESCAPE
17:47:42.117 [FXGL Background Thread 3 ] DEBUG Engine               - mouseSensitivity: 0.2
17:47:42.118 [FXGL Background Thread 3 ] DEBUG Engine               - notificationViewClass: class com.almasb.fxgl.notification.view.XboxNotificationView
17:47:42.118 [FXGL Background Thread 3 ] DEBUG Engine               - pixelsPerMeter: 50.0
17:47:42.118 [FXGL Background Thread 3 ] DEBUG Engine               - platform: WINDOWS
17:47:42.118 [FXGL Background Thread 3 ] DEBUG Engine               - prefHeightProperty: ReadOnlyDoubleProperty [value: 875.0]
17:47:42.119 [FXGL Background Thread 3 ] DEBUG Engine               - prefWidthProperty: ReadOnlyDoubleProperty [value: 875.0]
17:47:42.119 [FXGL Background Thread 3 ] DEBUG Engine               - profileDir: profiles/
17:47:42.119 [FXGL Background Thread 3 ] DEBUG Engine               - profileName: StringProperty [value: DEFAULT]
17:47:42.120 [FXGL Background Thread 3 ] DEBUG Engine               - randomSeed: -1
17:47:42.121 [FXGL Background Thread 3 ] DEBUG Engine               - runtimeInfo: RuntimeInfo(platform=WINDOWS, version=17.1, build=24.03.2022 17.34)
17:47:42.121 [FXGL Background Thread 3 ] DEBUG Engine               - saveFileExt: sav
17:47:42.121 [FXGL Background Thread 3 ] DEBUG Engine               - scaledHeightProp$fxgl: DoubleProperty [bound, value: 875.0]
17:47:42.122 [FXGL Background Thread 3 ] DEBUG Engine               - scaledWidthProp$fxgl: DoubleProperty [bound, value: 875.0]
17:47:42.122 [FXGL Background Thread 3 ] DEBUG Engine               - sceneFactory: com.connectfourgui.ConnectFourGUI$1@5887ebb4
17:47:42.122 [FXGL Background Thread 3 ] DEBUG Engine               - secondsIn24h: 60
17:47:42.123 [FXGL Background Thread 3 ] DEBUG Engine               - soundMenuBack: menu/back.wav
17:47:42.123 [FXGL Background Thread 3 ] DEBUG Engine               - soundMenuPress: menu/press.wav
17:47:42.123 [FXGL Background Thread 3 ] DEBUG Engine               - soundMenuSelect: menu/select.wav
17:47:42.123 [FXGL Background Thread 3 ] DEBUG Engine               - soundNotification: core/notification.wav
17:47:42.123 [FXGL Background Thread 3 ] DEBUG Engine               - stageStyle: DECORATED
17:47:42.124 [FXGL Background Thread 3 ] DEBUG Engine               - supportedLanguages: [ENGLISH, FRENCH, GERMAN, HUNGARIAN, RUSSIAN]
17:47:42.124 [FXGL Background Thread 3 ] DEBUG Engine               - ticksPerSecond: -1
17:47:42.124 [FXGL Background Thread 3 ] DEBUG Engine               - title: Connect 4
17:47:42.124 [FXGL Background Thread 3 ] DEBUG Engine               - urlGithub: https://github.com/AlmasB/FXGL
17:47:42.124 [FXGL Background Thread 3 ] DEBUG Engine               - urlLeaderboard: http://fxgl-top.herokuapp.com/
17:47:42.125 [FXGL Background Thread 3 ] DEBUG Engine               - urlPOM: https://raw.githubusercontent.com/AlmasB/FXGL/release/README.md
17:47:42.125 [FXGL Background Thread 3 ] DEBUG Engine               - userAppClass: class com.connectfourgui.ConnectFourGUI
17:47:42.125 [FXGL Background Thread 3 ] DEBUG Engine               - version: 0.0.1
17:47:42.125 [FXGL Background Thread 3 ] DEBUG Engine               - versionCheckDays: 7
17:47:42.125 [FXGL Background Thread 3 ] DEBUG Engine               - width: 875
17:47:42.126 [FXGL Background Thread 3 ] DEBUG Engine               - Logging services
17:47:42.126 [FXGL Background Thread 3 ] DEBUG Engine               - class com.almasb.fxgl.app.services.FXGLAssetLoaderService
17:47:42.126 [FXGL Background Thread 3 ] DEBUG Engine               - class com.almasb.fxgl.app.FXGLApplication$GameApplicationService
17:47:42.126 [FXGL Background Thread 3 ] DEBUG Engine               - class com.almasb.fxgl.app.services.FXGLDialogService
17:47:42.126 [FXGL Background Thread 3 ] DEBUG Engine               - class com.almasb.fxgl.app.services.IOTaskExecutorService
17:47:42.127 [FXGL Background Thread 3 ] DEBUG Engine               - class com.almasb.fxgl.io.FileSystemService
17:47:42.127 [FXGL Background Thread 3 ] DEBUG Engine               - class com.almasb.fxgl.localization.LocalizationService
17:47:42.127 [FXGL Background Thread 3 ] DEBUG Engine               - class com.almasb.fxgl.app.services.SystemBundleService
17:47:42.127 [FXGL Background Thread 3 ] DEBUG Engine               - class com.almasb.fxgl.profile.SaveLoadService
17:47:42.128 [FXGL Background Thread 3 ] DEBUG Engine               - class com.almasb.fxgl.ui.FXGLUIFactoryServiceProvider
17:47:42.128 [FXGL Background Thread 3 ] DEBUG Engine               - class com.almasb.fxgl.ui.FXGLDialogFactoryServiceProvider
17:47:42.128 [FXGL Background Thread 3 ] DEBUG Engine               - class com.almasb.fxgl.audio.AudioPlayer
17:47:42.128 [FXGL Background Thread 3 ] DEBUG Engine               - class com.almasb.fxgl.notification.impl.NotificationServiceProvider
17:47:42.128 [FXGL Background Thread 3 ] DEBUG Engine               - class com.almasb.fxgl.achievement.AchievementService
17:47:42.129 [FXGL Background Thread 3 ] DEBUG Engine               - class com.almasb.fxgl.cutscene.CutsceneService
17:47:42.129 [FXGL Background Thread 3 ] DEBUG Engine               - class com.almasb.fxgl.minigames.MiniGameService
17:47:42.129 [FXGL Background Thread 3 ] DEBUG Engine               - class com.almasb.fxgl.net.NetService
17:47:42.129 [FXGL Background Thread 3 ] DEBUG Engine               - class com.almasb.fxgl.app.services.UpdaterService
17:47:42.129 [FXGL Background Thread 3 ] DEBUG Engine               - class com.almasb.fxgl.dev.DevService
17:47:47.815 [JavaFX Application Thread] DEBUG FXGLApplication      - Exiting FXGL
17:47:47.815 [JavaFX Application Thread] DEBUG LoopRunner           - Stopping loop
17:47:47.815 [JavaFX Application Thread] DEBUG SystemBundleService  - Saving FXGL system data
17:47:47.818 [JavaFX Application Thread] DEBUG FileSystemAccess     - Writing to: D:\Computer-Science\02-24-00109-Introduction-to-AI\Assignment2\ConnectFourGUI\system\fxgl.bundle
17:47:47.819 [JavaFX Application Thread] DEBUG Async                - Shutting down background threads
17:47:47.820 [JavaFX Application Thread] DEBUG PrimaryStageWindow   - Closing main window
17:47:47.849 [JavaFX Application Thread] DEBUG Logger               - Closing Logger
