15:14:30.941 [main                     ] DEBUG Logger               - Configured Logger
15:14:31.022 [main                     ] DEBUG GameApplication      - Logging settings
Title: Connect 4
Version: 0.0.1
Width: 875
Height: 875
Fullscreen: false
Intro: false
Profiling: false
Single step:false
App Mode: DEVELOPER
Menu Key: ESCAPE
Stage Style: DECORATED
Scene Factory: class com.connectfourgui.ConnectFourGUI$1

15:14:31.680 [JavaFX Application Thread] DEBUG FXGLApplication      - Initializing FXGL
15:14:31.691 [JavaFX Application Thread] INFO  Engine               - FXGL-17.1 (24.03.2022 17.34) on WINDOWS (J:17.0.3 FX:17.0.1)
15:14:31.691 [JavaFX Application Thread] DEBUG Engine               - JRE Vendor Name: Eclipse Adoptium
15:14:31.692 [JavaFX Application Thread] DEBUG Engine               - Running on OS: Windows 10 version 10.0
15:14:31.692 [JavaFX Application Thread] DEBUG Engine               - Architecture: amd64
15:14:31.692 [JavaFX Application Thread] INFO  Engine               - Source code and latest versions at: https://github.com/AlmasB/FXGL
15:14:31.692 [JavaFX Application Thread] INFO  Engine               -       Ask questions and discuss at: https://github.com/AlmasB/FXGL/discussions
15:14:31.692 [JavaFX Application Thread] INFO  Engine               -              Join the FXGL chat at: https://gitter.im/AlmasB/FXGL
15:14:31.861 [JavaFX Application Thread] DEBUG PrimaryStageWindow   - Creating a JavaFX scene
15:14:31.951 [JavaFX Application Thread] DEBUG PrimaryStageWindow   - Target settings size: 875.0 x 875.0
15:14:31.952 [JavaFX Application Thread] DEBUG PrimaryStageWindow   - Scaled scene size:    875.0 x 875.0
15:14:31.953 [JavaFX Application Thread] DEBUG PrimaryStageWindow   - Scaled ratio: (1.0, 1.0)
15:14:31.955 [JavaFX Application Thread] DEBUG PrimaryStageWindow   - Set initial scene to FXGLStartupScene
15:14:31.963 [JavaFX Application Thread] DEBUG PrimaryStageWindow   - Opening main window
15:14:32.149 [JavaFX Application Thread] DEBUG PrimaryStageWindow   - Window border size: (16.0, 39.0)
15:14:32.150 [JavaFX Application Thread] DEBUG PrimaryStageWindow   - Scaled size: 875.0 x 875.0
15:14:32.152 [JavaFX Application Thread] DEBUG PrimaryStageWindow   - Scaled ratio: (1.0, 1.0)
15:14:32.154 [JavaFX Application Thread] DEBUG PrimaryStageWindow   - Scene size: 875.0 x 875.0
15:14:32.155 [JavaFX Application Thread] DEBUG PrimaryStageWindow   - Stage size: 891.0 x 914.0
15:14:32.188 [FXGL Background Thread 1 ] DEBUG Engine               - Initializing environment variables
15:14:32.362 [FXGL Background Thread 1 ] DEBUG FXGLAssetLoaderServi - User app class for loading assets: class com.connectfourgui.ConnectFourGUI
15:14:32.373 [FXGL Background Thread 1 ] DEBUG GameApplicationServi - Applying CSS: fxgl_dark.css
15:14:32.378 [FXGL Background Thread 1 ] DEBUG FXGLAssetLoaderServi - Loading from file system: jar:file:///C:/Users/telemachus/.gradle/caches/modules-2/files-2.1/com.github.almasb/fxgl/17.1/2a9509aedf54954c9b13849c18c6f495a81c542d/fxgl-17.1.jar!/fxglassets/ui/css/fxgl_dark.css
15:14:32.577 [FXGL Background Thread 1 ] DEBUG GameApplicationServi - Initializing application scenes
15:14:32.726 [FXGL Background Thread 1 ] DEBUG GameWorld            - Game world initialized
15:14:32.899 [FXGL Background Thread 1 ] DEBUG PhysicsWorld         - Physics world initialized: appHeight=875, physics.ppm=50.0
15:14:32.900 [FXGL Background Thread 1 ] DEBUG PhysicsWorld         - Using strategy: BRUTE_FORCE
15:14:32.911 [FXGL Background Thread 1 ] DEBUG GameScene            - Game scene initialized: 875x875
15:14:32.944 [FXGL Background Thread 1 ] DEBUG FXGL.DefaultMenu     - createMenuBodyGameMenu()
15:14:33.009 [FXGL Background Thread 1 ] DEBUG FXGL.DefaultMenu     - createOptionsMenu()
15:14:33.040 [FXGL Background Thread 1 ] DEBUG FXGLAssetLoaderServi - Loading from file system: jar:file:///C:/Users/telemachus/.gradle/caches/modules-2/files-2.1/com.github.almasb/fxgl/17.1/2a9509aedf54954c9b13849c18c6f495a81c542d/fxgl-17.1.jar!/fxglassets/textures/particles/smoke.png
15:14:33.322 [FXGL Background Thread 1 ] DEBUG FXGLAssetLoaderServi - Loading from file system: jar:file:///C:/Users/telemachus/.gradle/caches/modules-2/files-2.1/com.github.almasb/fxgl/17.1/2a9509aedf54954c9b13849c18c6f495a81c542d/fxgl-17.1.jar!/fxglassets/textures/particles/trace_horizontal.png
15:14:33.423 [FXGL Background Thread 1 ] DEBUG GameApplicationServi - Application scenes initialized
15:14:33.462 [FXGL Background Thread 1 ] DEBUG SystemBundleService  - Loading FXGL system data
15:14:33.490 [FXGL Background Thread 1 ] DEBUG FileSystemAccess     - Reading from: D:\Computer-Science\02-24-00109-Introduction-to-AI\Assignment2\ConnectFourGUI\system\fxgl.bundle
15:14:33.512 [FXGL Background Thread 1 ] DEBUG SystemBundleService  - Bundle FXGL: {}
15:14:33.512 [FXGL Background Thread 1 ] DEBUG UpdaterService       - Checking for updates
15:14:33.527 [FXGL Background Thread 4 ] DEBUG FXGLApplication      - Loading fonts
15:14:33.528 [FXGL Background Thread 4 ] DEBUG FXGLAssetLoaderServi - Loading from file system: jar:file:///C:/Users/telemachus/.gradle/caches/modules-2/files-2.1/com.github.almasb/fxgl/17.1/2a9509aedf54954c9b13849c18c6f495a81c542d/fxgl-17.1.jar!/fxglassets/ui/fonts/VarelaRound-Regular.ttf
15:14:33.528 [FXGL Background Thread 1 ] DEBUG FXGLApplication      - Loading default localization
15:14:33.529 [FXGL Background Thread 1 ] DEBUG FXGLAssetLoaderServi - Loading from file system: jar:file:///C:/Users/telemachus/.gradle/caches/modules-2/files-2.1/com.github.almasb/fxgl/17.1/2a9509aedf54954c9b13849c18c6f495a81c542d/fxgl-17.1.jar!/fxglassets/languages/english.lang
15:14:33.576 [FXGL Background Thread 1 ] INFO  FXGLApplication      - FXGL initialization took: 1.388 sec
15:14:33.604 [JavaFX Application Thread] DEBUG Input                - Registered new binding: Move Left - A
15:14:33.605 [JavaFX Application Thread] DEBUG Input                - Registered new binding: Move Right - D
15:14:33.605 [JavaFX Application Thread] DEBUG Input                - Registered new binding: Place Piece - S
15:14:33.608 [JavaFX Application Thread] DEBUG Input                - Registered new binding: Place Piece using Mouse - LMB
15:14:33.608 [JavaFX Application Thread] DEBUG FXGLAssetLoaderServi - Loading from file system: jar:file:///C:/Users/telemachus/.gradle/caches/modules-2/files-2.1/com.github.almasb/fxgl/17.1/2a9509aedf54954c9b13849c18c6f495a81c542d/fxgl-17.1.jar!/fxglassets/textures/fxgl_icon.png
15:14:33.681 [JavaFX Application Thread] DEBUG FXGLAssetLoaderServi - Loading from file system: jar:file:///C:/Users/telemachus/.gradle/caches/modules-2/files-2.1/com.github.almasb/fxgl/17.1/2a9509aedf54954c9b13849c18c6f495a81c542d/fxgl-17.1.jar!/fxglassets/textures/fxgl_default_cursor.png
15:14:33.691 [JavaFX Application Thread] DEBUG Input                - Registered new binding: Screenshot - CTRL+8
15:14:33.693 [JavaFX Application Thread] DEBUG Input                - Registered new binding: System info dump - CTRL+9
15:14:33.694 [JavaFX Application Thread] DEBUG Input                - Registered new binding: Restart - CTRL+R
15:14:33.696 [JavaFX Application Thread] DEBUG Input                - Registered new binding: Toggle Debug Camera - CTRL+7
15:14:33.721 [JavaFX Application Thread] DEBUG LoopRunner           - Starting loop
15:14:33.722 [JavaFX Application Thread] DEBUG LoopRunner           - Initializing JavaFX AnimationTimerLoop
15:14:33.725 [JavaFX Application Thread] DEBUG GameApplicationServi - Starting new game
15:14:33.726 [JavaFX Application Thread] DEBUG Input                - Clearing active input actions
15:14:33.758 [JavaFX Application Thread] DEBUG GameApplicationServi - Removing overlay from FXGLStartupScene and adding to FXGLLoadingScene
15:14:33.760 [JavaFX Application Thread] DEBUG PrimaryStageWindow   - FXGLStartupScene -> FXGLLoadingScene
15:14:33.760 [JavaFX Application Thread] DEBUG GameApplicationServi - Clearing previous game
15:14:33.760 [JavaFX Application Thread] DEBUG GameScene            - Clearing game scene
15:14:33.761 [JavaFX Application Thread] DEBUG GameWorld            - Clearing game world
15:14:33.761 [JavaFX Application Thread] DEBUG PhysicsWorld         - Clearing physics world
15:14:33.764 [FXGL Background Thread 1 ] DEBUG FXGLApplication      - Initializing game
15:14:33.922 [FXGL Background Thread 4 ] DEBUG FXGLAssetLoaderServi - Loading from file system: jar:file:///C:/Users/telemachus/.gradle/caches/modules-2/files-2.1/com.github.almasb/fxgl/17.1/2a9509aedf54954c9b13849c18c6f495a81c542d/fxgl-17.1.jar!/fxglassets/ui/fonts/Abel-Regular.ttf
15:14:33.935 [FXGL Background Thread 1 ] INFO  FXGLApplication      - Game initialization took: 0.170 sec
15:14:34.183 [FXGL Background Thread 4 ] DEBUG FXGLAssetLoaderServi - Loading from file system: jar:file:///C:/Users/telemachus/.gradle/caches/modules-2/files-2.1/com.github.almasb/fxgl/17.1/2a9509aedf54954c9b13849c18c6f495a81c542d/fxgl-17.1.jar!/fxglassets/ui/fonts/TerminalLandMono-Regular.otf
15:14:34.205 [FXGL Background Thread 4 ] DEBUG FXGLAssetLoaderServi - Loading from file system: jar:file:///C:/Users/telemachus/.gradle/caches/modules-2/files-2.1/com.github.almasb/fxgl/17.1/2a9509aedf54954c9b13849c18c6f495a81c542d/fxgl-17.1.jar!/fxglassets/ui/fonts/Courier-Prime.ttf
15:14:34.349 [JavaFX Application Thread] DEBUG Input                - Clearing active input actions
15:14:34.463 [JavaFX Application Thread] DEBUG GameApplicationServi - Removing overlay from FXGLLoadingScene and adding to GameScene
15:14:34.469 [JavaFX Application Thread] DEBUG PrimaryStageWindow   - FXGLLoadingScene -> GameScene
15:14:34.471 [JavaFX Application Thread] DEBUG FXGLApplication      - Registering font factories with UI factory
15:14:36.524 [FXGL Background Thread 3 ] DEBUG Engine               - Logging environment variables
15:14:36.525 [FXGL Background Thread 3 ] DEBUG Engine               - achievements: []
15:14:36.526 [FXGL Background Thread 3 ] DEBUG Engine               - actualHeight: 875.0
15:14:36.527 [FXGL Background Thread 3 ] DEBUG Engine               - actualHeightProperty: ReadOnlyDoubleProperty [value: 875.0]
15:14:36.527 [FXGL Background Thread 3 ] DEBUG Engine               - actualWidth: 875.0
15:14:36.527 [FXGL Background Thread 3 ] DEBUG Engine               - actualWidthProperty: ReadOnlyDoubleProperty [value: 875.0]
15:14:36.528 [FXGL Background Thread 3 ] DEBUG Engine               - appIcon: fxgl_icon.png
15:14:36.528 [FXGL Background Thread 3 ] DEBUG Engine               - applicationMode: DEVELOPER
15:14:36.528 [FXGL Background Thread 3 ] DEBUG Engine               - cSSList: [fxgl_dark.css]
15:14:36.528 [FXGL Background Thread 3 ] DEBUG Engine               - collisionDetectionStrategy: BRUTE_FORCE
15:14:36.533 [FXGL Background Thread 3 ] DEBUG Engine               - configClass: Optional.empty
15:14:36.534 [FXGL Background Thread 3 ] DEBUG Engine               - credits: []
15:14:36.537 [FXGL Background Thread 3 ] DEBUG Engine               - defaultCursor: CursorInfo(imageName=fxgl_default_cursor.png, hotspotX=7.0, hotspotY=6.0)
15:14:36.538 [FXGL Background Thread 3 ] DEBUG Engine               - devBBoxColorProperty: ObjectProperty [value: 0xff0000ff]
15:14:36.539 [FXGL Background Thread 3 ] DEBUG Engine               - devEnableDebugCameraProperty: BooleanProperty [value: false]
15:14:36.539 [FXGL Background Thread 3 ] DEBUG Engine               - devSensorColorProperty: ObjectProperty [value: 0xffff00ff]
15:14:36.539 [FXGL Background Thread 3 ] DEBUG Engine               - devShowBBoxProperty: BooleanProperty [value: false]
15:14:36.540 [FXGL Background Thread 3 ] DEBUG Engine               - devShowPositionProperty: BooleanProperty [value: false]
15:14:36.540 [FXGL Background Thread 3 ] DEBUG Engine               - enabledMenuItems: []
15:14:36.540 [FXGL Background Thread 3 ] DEBUG Engine               - engineServices: [class com.almasb.fxgl.app.services.FXGLAssetLoaderService, class com.almasb.fxgl.app.FXGLApplication$GameApplicationService, class com.almasb.fxgl.app.services.FXGLDialogService, class com.almasb.fxgl.app.services.IOTaskExecutorService, class com.almasb.fxgl.io.FileSystemService, class com.almasb.fxgl.localization.LocalizationService, class com.almasb.fxgl.app.services.SystemBundleService, class com.almasb.fxgl.profile.SaveLoadService, class com.almasb.fxgl.ui.FXGLUIFactoryServiceProvider, class com.almasb.fxgl.ui.FXGLDialogFactoryServiceProvider, class com.almasb.fxgl.audio.AudioPlayer, class com.almasb.fxgl.notification.impl.NotificationServiceProvider, class com.almasb.fxgl.achievement.AchievementService, class com.almasb.fxgl.cutscene.CutsceneService, class com.almasb.fxgl.minigames.MiniGameService, class com.almasb.fxgl.net.NetService, class com.almasb.fxgl.app.services.UpdaterService, class com.almasb.fxgl.dev.DevService]
15:14:36.542 [FXGL Background Thread 3 ] DEBUG Engine               - fontGame: Abel-Regular.ttf
15:14:36.542 [FXGL Background Thread 3 ] DEBUG Engine               - fontMono: TerminalLandMono-Regular.otf
15:14:36.542 [FXGL Background Thread 3 ] DEBUG Engine               - fontText: Courier-Prime.ttf
15:14:36.552 [FXGL Background Thread 3 ] DEBUG Engine               - fontUI: VarelaRound-Regular.ttf
15:14:36.552 [FXGL Background Thread 3 ] DEBUG Engine               - fullScreen: BooleanProperty [value: false]
15:14:36.553 [FXGL Background Thread 3 ] DEBUG Engine               - gameDifficulty: MEDIUM
15:14:36.553 [FXGL Background Thread 3 ] DEBUG Engine               - gameDifficultyProperty: ObjectProperty [value: MEDIUM]
15:14:36.553 [FXGL Background Thread 3 ] DEBUG Engine               - globalMusicVolume: 0.5
15:14:36.553 [FXGL Background Thread 3 ] DEBUG Engine               - globalMusicVolumeProperty: DoubleProperty [value: 0.5]
15:14:36.554 [FXGL Background Thread 3 ] DEBUG Engine               - globalSoundVolume: 0.5
15:14:36.554 [FXGL Background Thread 3 ] DEBUG Engine               - globalSoundVolumeProperty: DoubleProperty [value: 0.5]
15:14:36.554 [FXGL Background Thread 3 ] DEBUG Engine               - height: 875
15:14:36.555 [FXGL Background Thread 3 ] DEBUG Engine               - is3D: false
15:14:36.555 [FXGL Background Thread 3 ] DEBUG Engine               - isAndroid: false
15:14:36.556 [FXGL Background Thread 3 ] DEBUG Engine               - isBrowser: false
15:14:36.556 [FXGL Background Thread 3 ] DEBUG Engine               - isClickFeedbackEnabled: false
15:14:36.557 [FXGL Background Thread 3 ] DEBUG Engine               - isCloseConfirmation: false
15:14:36.557 [FXGL Background Thread 3 ] DEBUG Engine               - isDesktop: true
15:14:36.557 [FXGL Background Thread 3 ] DEBUG Engine               - isDeveloperMenuEnabled: false
15:14:36.557 [FXGL Background Thread 3 ] DEBUG Engine               - isEmbedded: false
15:14:36.558 [FXGL Background Thread 3 ] DEBUG Engine               - isEntityPreloadEnabled: true
15:14:36.558 [FXGL Background Thread 3 ] DEBUG Engine               - isExperimentalTiledLargeMap: false
15:14:36.558 [FXGL Background Thread 3 ] DEBUG Engine               - isFileSystemWriteAllowed: true
15:14:36.558 [FXGL Background Thread 3 ] DEBUG Engine               - isFullScreenAllowed: false
15:14:36.558 [FXGL Background Thread 3 ] DEBUG Engine               - isFullScreenFromStart: false
15:14:36.559 [FXGL Background Thread 3 ] DEBUG Engine               - isGameMenuEnabled: true
15:14:36.559 [FXGL Background Thread 3 ] DEBUG Engine               - isIOS: false
15:14:36.559 [FXGL Background Thread 3 ] DEBUG Engine               - isIntroEnabled: false
15:14:36.559 [FXGL Background Thread 3 ] DEBUG Engine               - isLinux: false
15:14:36.559 [FXGL Background Thread 3 ] DEBUG Engine               - isMac: false
15:14:36.560 [FXGL Background Thread 3 ] DEBUG Engine               - isMainMenuEnabled: false
15:14:36.560 [FXGL Background Thread 3 ] DEBUG Engine               - isManualResizeEnabled: false
15:14:36.561 [FXGL Background Thread 3 ] DEBUG Engine               - isMobile: false
15:14:36.561 [FXGL Background Thread 3 ] DEBUG Engine               - isNative: false
15:14:36.561 [FXGL Background Thread 3 ] DEBUG Engine               - isPauseMusicWhenMinimized: true
15:14:36.561 [FXGL Background Thread 3 ] DEBUG Engine               - isPreserveResizeRatio: false
15:14:36.562 [FXGL Background Thread 3 ] DEBUG Engine               - isProfilingEnabled: false
15:14:36.562 [FXGL Background Thread 3 ] DEBUG Engine               - isScaleAffectedOnResize: true
15:14:36.562 [FXGL Background Thread 3 ] DEBUG Engine               - isSingleStep: false
15:14:36.562 [FXGL Background Thread 3 ] DEBUG Engine               - isUserProfileEnabled: false
15:14:36.563 [FXGL Background Thread 3 ] DEBUG Engine               - isWindows: true
15:14:36.563 [FXGL Background Thread 3 ] DEBUG Engine               - language: ObjectProperty [value: ENGLISH]
15:14:36.563 [FXGL Background Thread 3 ] DEBUG Engine               - menuKey: ESCAPE
15:14:36.567 [FXGL Background Thread 3 ] DEBUG Engine               - mouseSensitivity: 0.2
15:14:36.568 [FXGL Background Thread 3 ] DEBUG Engine               - notificationViewClass: class com.almasb.fxgl.notification.view.XboxNotificationView
15:14:36.568 [FXGL Background Thread 3 ] DEBUG Engine               - pixelsPerMeter: 50.0
15:14:36.569 [FXGL Background Thread 3 ] DEBUG Engine               - platform: WINDOWS
15:14:36.569 [FXGL Background Thread 3 ] DEBUG Engine               - prefHeightProperty: ReadOnlyDoubleProperty [value: 875.0]
15:14:36.570 [FXGL Background Thread 3 ] DEBUG Engine               - prefWidthProperty: ReadOnlyDoubleProperty [value: 875.0]
15:14:36.570 [FXGL Background Thread 3 ] DEBUG Engine               - profileDir: profiles/
15:14:36.570 [FXGL Background Thread 3 ] DEBUG Engine               - profileName: StringProperty [value: DEFAULT]
15:14:36.571 [FXGL Background Thread 3 ] DEBUG Engine               - randomSeed: -1
15:14:36.572 [FXGL Background Thread 3 ] DEBUG Engine               - runtimeInfo: RuntimeInfo(platform=WINDOWS, version=17.1, build=24.03.2022 17.34)
15:14:36.572 [FXGL Background Thread 3 ] DEBUG Engine               - saveFileExt: sav
15:14:36.573 [FXGL Background Thread 3 ] DEBUG Engine               - scaledHeightProp$fxgl: DoubleProperty [bound, value: 875.0]
15:14:36.573 [FXGL Background Thread 3 ] DEBUG Engine               - scaledWidthProp$fxgl: DoubleProperty [bound, value: 875.0]
15:14:36.573 [FXGL Background Thread 3 ] DEBUG Engine               - sceneFactory: com.connectfourgui.ConnectFourGUI$1@521e03a9
15:14:36.574 [FXGL Background Thread 3 ] DEBUG Engine               - secondsIn24h: 60
15:14:36.574 [FXGL Background Thread 3 ] DEBUG Engine               - soundMenuBack: menu/back.wav
15:14:36.574 [FXGL Background Thread 3 ] DEBUG Engine               - soundMenuPress: menu/press.wav
15:14:36.574 [FXGL Background Thread 3 ] DEBUG Engine               - soundMenuSelect: menu/select.wav
15:14:36.574 [FXGL Background Thread 3 ] DEBUG Engine               - soundNotification: core/notification.wav
15:14:36.575 [FXGL Background Thread 3 ] DEBUG Engine               - stageStyle: DECORATED
15:14:36.575 [FXGL Background Thread 3 ] DEBUG Engine               - supportedLanguages: [ENGLISH, FRENCH, GERMAN, HUNGARIAN, RUSSIAN]
15:14:36.575 [FXGL Background Thread 3 ] DEBUG Engine               - ticksPerSecond: -1
15:14:36.576 [FXGL Background Thread 3 ] DEBUG Engine               - title: Connect 4
15:14:36.576 [FXGL Background Thread 3 ] DEBUG Engine               - urlGithub: https://github.com/AlmasB/FXGL
15:14:36.577 [FXGL Background Thread 3 ] DEBUG Engine               - urlLeaderboard: http://fxgl-top.herokuapp.com/
15:14:36.577 [FXGL Background Thread 3 ] DEBUG Engine               - urlPOM: https://raw.githubusercontent.com/AlmasB/FXGL/release/README.md
15:14:36.577 [FXGL Background Thread 3 ] DEBUG Engine               - userAppClass: class com.connectfourgui.ConnectFourGUI
15:14:36.577 [FXGL Background Thread 3 ] DEBUG Engine               - version: 0.0.1
15:14:36.578 [FXGL Background Thread 3 ] DEBUG Engine               - versionCheckDays: 7
15:14:36.578 [FXGL Background Thread 3 ] DEBUG Engine               - width: 875
15:14:36.578 [FXGL Background Thread 3 ] DEBUG Engine               - Logging services
15:14:36.578 [FXGL Background Thread 3 ] DEBUG Engine               - class com.almasb.fxgl.app.services.FXGLAssetLoaderService
15:14:36.578 [FXGL Background Thread 3 ] DEBUG Engine               - class com.almasb.fxgl.app.FXGLApplication$GameApplicationService
15:14:36.579 [FXGL Background Thread 3 ] DEBUG Engine               - class com.almasb.fxgl.app.services.FXGLDialogService
15:14:36.579 [FXGL Background Thread 3 ] DEBUG Engine               - class com.almasb.fxgl.app.services.IOTaskExecutorService
15:14:36.583 [FXGL Background Thread 3 ] DEBUG Engine               - class com.almasb.fxgl.io.FileSystemService
15:14:36.584 [FXGL Background Thread 3 ] DEBUG Engine               - class com.almasb.fxgl.localization.LocalizationService
15:14:36.584 [FXGL Background Thread 3 ] DEBUG Engine               - class com.almasb.fxgl.app.services.SystemBundleService
15:14:36.584 [FXGL Background Thread 3 ] DEBUG Engine               - class com.almasb.fxgl.profile.SaveLoadService
15:14:36.584 [FXGL Background Thread 3 ] DEBUG Engine               - class com.almasb.fxgl.ui.FXGLUIFactoryServiceProvider
15:14:36.585 [FXGL Background Thread 3 ] DEBUG Engine               - class com.almasb.fxgl.ui.FXGLDialogFactoryServiceProvider
15:14:36.586 [FXGL Background Thread 3 ] DEBUG Engine               - class com.almasb.fxgl.audio.AudioPlayer
15:14:36.586 [FXGL Background Thread 3 ] DEBUG Engine               - class com.almasb.fxgl.notification.impl.NotificationServiceProvider
15:14:36.586 [FXGL Background Thread 3 ] DEBUG Engine               - class com.almasb.fxgl.achievement.AchievementService
15:14:36.587 [FXGL Background Thread 3 ] DEBUG Engine               - class com.almasb.fxgl.cutscene.CutsceneService
15:14:36.587 [FXGL Background Thread 3 ] DEBUG Engine               - class com.almasb.fxgl.minigames.MiniGameService
15:14:36.587 [FXGL Background Thread 3 ] DEBUG Engine               - class com.almasb.fxgl.net.NetService
15:14:36.587 [FXGL Background Thread 3 ] DEBUG Engine               - class com.almasb.fxgl.app.services.UpdaterService
15:14:36.587 [FXGL Background Thread 3 ] DEBUG Engine               - class com.almasb.fxgl.dev.DevService
15:15:09.775 [JavaFX Application Thread] DEBUG FXGLApplication      - Exiting FXGL
15:15:09.775 [JavaFX Application Thread] DEBUG LoopRunner           - Stopping loop
15:15:09.775 [JavaFX Application Thread] DEBUG SystemBundleService  - Saving FXGL system data
15:15:09.778 [JavaFX Application Thread] DEBUG FileSystemAccess     - Writing to: D:\Computer-Science\02-24-00109-Introduction-to-AI\Assignment2\ConnectFourGUI\system\fxgl.bundle
15:15:09.780 [JavaFX Application Thread] DEBUG Async                - Shutting down background threads
15:15:09.780 [JavaFX Application Thread] DEBUG PrimaryStageWindow   - Closing main window
15:15:09.789 [JavaFX Application Thread] DEBUG Logger               - Closing Logger
